2020-02-26 16:17:34 INFO  HouseDefining:42 -250000.0
2020-02-26 16:17:34 ERROR HouseDefining:43 -There will be corrrection
2020-02-26 16:17:34 WARN  HouseDefining:44 -there is something wrong in code
2020-02-26 16:17:34 FATAL HouseDefining:45 -there is any case of abort
2020-02-26 16:17:34 INFO  HouseDefining:16 -400000.0
2020-02-26 16:17:34 ERROR HouseDefining:17 -There will be corrrection
2020-02-26 16:17:34 WARN  HouseDefining:18 -there is something wrong in code
2020-02-26 16:17:34 FATAL HouseDefining:19 -there is any case of abort
2020-02-26 16:17:34 INFO  HouseDefining:27 -437500.0
2020-02-26 16:17:34 ERROR HouseDefining:28 -There will be corrrection
2020-02-26 16:17:34 WARN  HouseDefining:29 -there is something wrong in code
2020-02-26 16:17:34 FATAL HouseDefining:30 -there is any case of abort
2020-02-26 16:17:34 INFO  HouseDefining:42 -617500.0
2020-02-26 16:17:34 ERROR HouseDefining:43 -There will be corrrection
2020-02-26 16:17:34 WARN  HouseDefining:44 -there is something wrong in code
2020-02-26 16:17:34 FATAL HouseDefining:45 -there is any case of abort
2020-02-26 16:23:37 INFO  Defining:23 -2.0
2020-02-26 16:23:37 ERROR Defining:24 -There will be corrrection
2020-02-26 16:23:37 WARN  Defining:25 -there is something wrong in code
2020-02-26 16:23:37 FATAL Defining:26 -there is any case of abort
2020-02-26 16:23:37 INFO  Defining:13 -60.0
2020-02-26 16:23:37 ERROR Defining:14 -There will be corrrection
2020-02-26 16:23:37 WARN  Defining:15 -there is something wrong in code
2020-02-26 16:23:37 FATAL Defining:16 -there is any case of abort
2020-02-26 16:23:37 INFO  HouseDefining:42 -250000.0
2020-02-26 16:23:37 ERROR HouseDefining:43 -There will be corrrection
2020-02-26 16:23:37 WARN  HouseDefining:44 -there is something wrong in code
2020-02-26 16:23:37 FATAL HouseDefining:45 -there is any case of abort
2020-02-26 16:23:37 INFO  HouseDefining:16 -400000.0
2020-02-26 16:23:37 ERROR HouseDefining:17 -There will be corrrection
2020-02-26 16:23:37 WARN  HouseDefining:18 -there is something wrong in code
2020-02-26 16:23:37 FATAL HouseDefining:19 -there is any case of abort
2020-02-26 16:23:37 INFO  HouseDefining:27 -437500.0
2020-02-26 16:23:37 ERROR HouseDefining:28 -There will be corrrection
2020-02-26 16:23:37 WARN  HouseDefining:29 -there is something wrong in code
2020-02-26 16:23:37 FATAL HouseDefining:30 -there is any case of abort
2020-02-26 16:23:37 INFO  HouseDefining:42 -617500.0
2020-02-26 16:23:37 ERROR HouseDefining:43 -There will be corrrection
2020-02-26 16:23:37 WARN  HouseDefining:44 -there is something wrong in code
2020-02-26 16:23:37 FATAL HouseDefining:45 -there is any case of abort
2020-02-26 16:29:10 INFO  Defining:23 -2.0
2020-02-26 16:29:10 ERROR Defining:24 -There will be corrrection
2020-02-26 16:29:10 WARN  Defining:25 -there is something wrong in code
2020-02-26 16:29:10 FATAL Defining:26 -there is any case of abort
2020-02-26 16:29:10 INFO  Defining:13 -60.0
2020-02-26 16:29:10 ERROR Defining:14 -There will be corrrection
2020-02-26 16:29:10 WARN  Defining:15 -there is something wrong in code
2020-02-26 16:29:10 FATAL Defining:16 -there is any case of abort
2020-02-26 16:29:10 INFO  HouseDefining:42 -250000.0
2020-02-26 16:29:10 ERROR HouseDefining:43 -There will be corrrection
2020-02-26 16:29:10 WARN  HouseDefining:44 -there is something wrong in code
2020-02-26 16:29:10 FATAL HouseDefining:45 -there is any case of abort
2020-02-26 16:29:10 INFO  HouseDefining:16 -400000.0
2020-02-26 16:29:10 ERROR HouseDefining:17 -There will be corrrection
2020-02-26 16:29:10 WARN  HouseDefining:18 -there is something wrong in code
2020-02-26 16:29:10 FATAL HouseDefining:19 -there is any case of abort
2020-02-26 16:29:10 INFO  HouseDefining:27 -437500.0
2020-02-26 16:29:10 ERROR HouseDefining:28 -There will be corrrection
2020-02-26 16:29:10 WARN  HouseDefining:29 -there is something wrong in code
2020-02-26 16:29:10 FATAL HouseDefining:30 -there is any case of abort
2020-02-26 16:29:10 INFO  HouseDefining:42 -617500.0
2020-02-26 16:29:10 ERROR HouseDefining:43 -There will be corrrection
2020-02-26 16:29:10 WARN  HouseDefining:44 -there is something wrong in code
2020-02-26 16:29:10 FATAL HouseDefining:45 -there is any case of abort
2020-02-26 16:44:00 INFO  HouseDefining:42 -250000.0
2020-02-26 16:44:00 ERROR HouseDefining:43 -There will be corrrection
2020-02-26 16:44:00 WARN  HouseDefining:44 -there is something wrong in code
2020-02-26 16:44:00 FATAL HouseDefining:45 -there is any case of abort
2020-02-26 16:44:00 INFO  HouseDefining:16 -400000.0
2020-02-26 16:44:00 ERROR HouseDefining:17 -There will be corrrection
2020-02-26 16:44:00 WARN  HouseDefining:18 -there is something wrong in code
2020-02-26 16:44:00 FATAL HouseDefining:19 -there is any case of abort
2020-02-26 16:44:00 INFO  HouseDefining:27 -437500.0
2020-02-26 16:44:00 ERROR HouseDefining:28 -There will be corrrection
2020-02-26 16:44:00 WARN  HouseDefining:29 -there is something wrong in code
2020-02-26 16:44:00 FATAL HouseDefining:30 -there is any case of abort
2020-02-26 16:44:00 INFO  HouseDefining:42 -617500.0
2020-02-26 16:44:00 ERROR HouseDefining:43 -There will be corrrection
2020-02-26 16:44:00 WARN  HouseDefining:44 -there is something wrong in code
2020-02-26 16:44:00 FATAL HouseDefining:45 -there is any case of abort
2020-02-26 16:44:00 INFO  Defining:27 -2.0
2020-02-26 16:44:00 ERROR Defining:28 -There will be corrrection
2020-02-26 16:44:00 WARN  Defining:29 -there is something wrong in code
2020-02-26 16:44:00 FATAL Defining:30 -there is any case of abort
2020-02-26 16:44:00 INFO  Defining:17 -60.0
2020-02-26 16:44:00 ERROR Defining:18 -There will be corrrection
2020-02-26 16:44:00 WARN  Defining:19 -there is something wrong in code
2020-02-26 16:44:00 FATAL Defining:20 -there is any case of abort
2020-02-26 16:46:16 INFO  Defining:27 -2.0
2020-02-26 16:46:16 ERROR Defining:28 -There will be corrrection
2020-02-26 16:46:16 WARN  Defining:29 -there is something wrong in code
2020-02-26 16:46:16 FATAL Defining:30 -there is any case of abort
2020-02-26 16:46:16 INFO  Defining:17 -60.0
2020-02-26 16:46:16 ERROR Defining:18 -There will be corrrection
2020-02-26 16:46:16 WARN  Defining:19 -there is something wrong in code
2020-02-26 16:46:16 FATAL Defining:20 -there is any case of abort
2020-02-26 16:46:16 INFO  HouseDefining:42 -250000.0
2020-02-26 16:46:16 ERROR HouseDefining:43 -There will be corrrection
2020-02-26 16:46:16 WARN  HouseDefining:44 -there is something wrong in code
2020-02-26 16:46:16 FATAL HouseDefining:45 -there is any case of abort
2020-02-26 16:46:16 INFO  HouseDefining:16 -400000.0
2020-02-26 16:46:16 ERROR HouseDefining:17 -There will be corrrection
2020-02-26 16:46:16 WARN  HouseDefining:18 -there is something wrong in code
2020-02-26 16:46:16 FATAL HouseDefining:19 -there is any case of abort
2020-02-26 16:46:16 INFO  HouseDefining:27 -437500.0
2020-02-26 16:46:16 ERROR HouseDefining:28 -There will be corrrection
2020-02-26 16:46:16 WARN  HouseDefining:29 -there is something wrong in code
2020-02-26 16:46:16 FATAL HouseDefining:30 -there is any case of abort
2020-02-26 16:46:16 INFO  HouseDefining:42 -617500.0
2020-02-26 16:46:16 ERROR HouseDefining:43 -There will be corrrection
2020-02-26 16:46:16 WARN  HouseDefining:44 -there is something wrong in code
2020-02-26 16:46:16 FATAL HouseDefining:45 -there is any case of abort
